<?xml version="1.0" encoding="UTF-8"?>
<testsuite hostname="DESKTOP-65OKV1R" name="Runfromcmd.mavensample.ArraylistTest" tests="3" failures="0" timestamp="15 Aug 2022 18:26:42 GMT" time="0.086" errors="0">
  <testcase name="main" time="0.005" classname="Runfromcmd.mavensample.ArraylistTest">
    <skipped/>
  </testcase>
  <testcase name="main" time="0.001" classname="Runfromcmd.mavensample.FinduniquenumberTest">
    <skipped/>
  </testcase>
  <testcase name="main" time="0.001" classname="Runfromcmd.mavensample.hashsetTest">
    <skipped/>
  </testcase>
</testsuite>
