<?xml version="1.0" encoding="UTF-8"?>
<testsuite hostname="DESKTOP-65OKV1R" name="Runfromcmd.mavensample.ArraylistTest" tests="3" failures="0" timestamp="16 Aug 2022 08:59:36 GMT" time="0.015" errors="0">
  <testcase name="main" time="0.01" classname="Runfromcmd.mavensample.ArraylistTest">
    <skipped/>
  </testcase>
  <testcase name="main" time="0.0" classname="Runfromcmd.mavensample.FinduniquenumberTest">
    <skipped/>
  </testcase>
  <testcase name="main" time="0.0" classname="Runfromcmd.mavensample.hashsetTest">
    <skipped/>
  </testcase>
</testsuite>
